<?xml version="1.0" encoding="UTF-8"?>
<!-- Generated by org.testng.reporters.JUnitReportReporter -->
<testsuite hostname="admin" failures="0" tests="1" name="com.invicta.qa.testcases.sbu.sbutestcases" time="101.830" errors="0" timestamp="20 Feb 2023 03:28:16 GMT" skipped="0">
  <testcase classname="com.invicta.qa.testcases.sbu.sbutestcases" name="testcases" time="101.830"/>
</testsuite> <!-- com.invicta.qa.testcases.sbu.sbutestcases -->
